{"level":"info","message":"Loading Mongoose functionality"}
{"level":"info","message":"Starting Application"}
{"level":"info","message":"Mongoose connected to the database"}
{"level":"info","message":"Loading Mongoose functionality"}
{"level":"info","message":"Starting Application"}
{"level":"info","message":"Create user"}
{"level":"info","message":"Create user"}
{"level":"info","message":"Get all users"}
{"level":"info","message":"Get all users"}
{"level":"info","message":"Get user %s"}
{"level":"info","message":"Get user %s"}
{"level":"info","message":"Get user %s"}
{"level":"info","message":"Get user %s"}
{"level":"info","message":"Create Todo"}
{"level":"info","message":"Get all user todos5dc0cbbfcc8ff40e986c7c0e"}
{"level":"info","message":"Get todo %s5dc0cbc0cc8ff40e986c7c19"}
{"level":"info","message":"Loading Mongoose functionality"}
{"level":"info","message":"Starting Application"}
{"level":"info","message":"Create user"}
{"level":"info","message":"Create user"}
{"level":"info","message":"Get all users"}
{"level":"info","message":"Get all users"}
{"level":"info","message":"Get user %s"}
{"level":"info","message":"Get user %s"}
{"level":"info","message":"Get user %s"}
{"level":"info","message":"Get user %s"}
{"level":"info","message":"Create Todo"}
{"level":"info","message":"Get all user todos5dc0cc0b6437f22e743efced"}
{"level":"info","message":"Get todo %s5dc0cc0d6437f22e743efcf8"}
{"level":"info","message":"Loading Mongoose functionality"}
{"level":"info","message":"Starting Application"}
{"level":"info","message":"Create user"}
{"level":"info","message":"Create user"}
{"level":"info","message":"Get all users"}
{"level":"info","message":"Get all users"}
{"level":"info","message":"Get user %s"}
{"level":"info","message":"Get user %s"}
{"level":"info","message":"Get user %s"}
{"level":"info","message":"Get user %s"}
{"level":"info","message":"Create Todo"}
{"level":"info","message":"Get all user todos5dc0cc417dd2c91b9840800c"}
{"level":"info","message":"Get todo %s5dc0cc427dd2c91b98408017"}
{"level":"info","message":"Loading Mongoose functionality"}
{"level":"info","message":"Starting Application"}
{"level":"info","message":"Create user"}
{"level":"info","message":"Create user"}
{"level":"info","message":"Get all users"}
{"level":"info","message":"Get all users"}
{"level":"info","message":"Get user %s"}
{"level":"info","message":"Get user %s"}
{"level":"info","message":"Get user %s"}
{"level":"info","message":"Get user %s"}
{"level":"info","message":"Create Todo"}
{"level":"info","message":"Get all user todos5dc0ccbc092e0021401cb910"}
{"level":"info","message":"Get todo %s5dc0ccbd092e0021401cb91b"}
{"level":"info","message":"Loading Mongoose functionality"}
{"level":"info","message":"Starting Application"}
{"level":"info","message":"Create user"}
{"level":"info","message":"Create user"}
{"level":"info","message":"Get all users"}
{"level":"info","message":"Get all users"}
{"level":"info","message":"Get user %s"}
{"level":"info","message":"Get user %s"}
{"level":"info","message":"Get user %s"}
{"level":"info","message":"Get user %s"}
{"level":"info","message":"Create Todo"}
{"level":"info","message":"Get all user todos5dc0cce05440f90048be0dd3"}
{"level":"info","message":"Get todo %s5dc0cce15440f90048be0dde"}
{"level":"info","message":"Get todo %s5dc0cce15440f90048be0ddf"}
{"level":"info","message":"Loading Mongoose functionality"}
{"level":"info","message":"Starting Application"}
{"level":"info","message":"Create user"}
{"level":"info","message":"Create user"}
{"level":"info","message":"Get all users"}
{"level":"info","message":"Get all users"}
{"level":"info","message":"Get user %s"}
{"level":"info","message":"Get user %s"}
{"level":"info","message":"Get user %s"}
{"level":"info","message":"Get user %s"}
{"level":"info","message":"Create Todo"}
{"level":"info","message":"Get all user todos5dc0cd6b7202e015305e45ff"}
{"level":"info","message":"Get todo %s5dc0cd6d7202e015305e460a"}
{"level":"info","message":"Get todo %s5dc0cd6d7202e015305e460b"}
{"level":"info","message":"Get todo %s5dc0cd6d7202e015305e460c"}
{"level":"info","message":"Loading Mongoose functionality"}
{"level":"info","message":"Starting Application"}
{"level":"info","message":"Create user"}
{"level":"info","message":"Create user"}
{"level":"info","message":"Get all users"}
{"level":"info","message":"Get all users"}
{"level":"info","message":"Get user %s"}
{"level":"info","message":"Get user %s"}
{"level":"info","message":"Get user %s"}
{"level":"info","message":"Get user %s"}
{"level":"info","message":"Create Todo"}
{"level":"info","message":"Get all user todos5dc0cdc54ab37525184e9bbe"}
{"level":"info","message":"Get todo %s5dc0cdc64ab37525184e9bc9"}
{"level":"info","message":"Get todo %s5dc0cdc64ab37525184e9bca"}
{"level":"info","message":"Get todo %s5dc0cdc64ab37525184e9bcb"}
