{"level":"info","message":"Loading Mongoose functionality"}
{"level":"info","message":"Starting Application"}
{"level":"info","message":"Mongoose connected to the database"}
{"level":"info","message":"Loading Mongoose functionality"}
{"level":"info","message":"Starting Application"}
{"level":"info","message":"Create Todo"}
{"level":"info","message":"Get all user todos5dc0c270c4f8e4348c264c69"}
{"level":"info","message":"Get todo %s5dc0c271c4f8e4348c264c72"}
{"level":"info","message":"Loading Mongoose functionality"}
{"level":"info","message":"Starting Application"}
{"level":"info","message":"Create user"}
{"level":"info","message":"Create user"}
{"level":"info","message":"Create user"}
{"level":"info","message":"Get all users"}
{"level":"info","message":"Get all users"}
{"level":"info","message":"Get user %s"}
{"level":"info","message":"Get user %s"}
{"level":"info","message":"Get user %s"}
{"level":"info","message":"Get user %s"}
{"level":"info","message":"Create Todo"}
{"level":"info","message":"Get all user todos5dc0c2dbe7b9cb04e002caf0"}
{"level":"info","message":"Get todo %s5dc0c2dce7b9cb04e002cafc"}
{"level":"info","message":"Loading Mongoose functionality"}
{"level":"info","message":"Starting Application"}
{"level":"info","message":"Create user"}
{"level":"info","message":"Create user"}
{"level":"info","message":"Create user"}
{"level":"info","message":"Get all users"}
{"level":"info","message":"Get all users"}
{"level":"info","message":"Get user %s"}
{"level":"info","message":"Get user %s"}
{"level":"info","message":"Get user %s"}
{"level":"info","message":"Get user %s"}
{"level":"info","message":"Create Todo"}
{"level":"info","message":"Get all user todos5dc0c300d137fc255c4113b5"}
{"level":"info","message":"Get todo %s5dc0c301d137fc255c4113c1"}
{"level":"info","message":"Loading Mongoose functionality"}
{"level":"info","message":"Starting Application"}
{"level":"info","message":"Create user"}
{"level":"info","message":"Create user"}
{"level":"info","message":"Create user"}
{"level":"info","message":"Get all users"}
{"level":"info","message":"Get all users"}
{"level":"info","message":"Get user %s"}
{"level":"info","message":"Get user %s"}
{"level":"info","message":"Get user %s"}
{"level":"info","message":"Get user %s"}
{"level":"info","message":"Create Todo"}
{"level":"info","message":"Get all user todos5dc0c3cc0936da249402fbed"}
{"level":"info","message":"Get todo %s5dc0c3ce0936da249402fbf9"}
{"level":"info","message":"Loading Mongoose functionality"}
{"level":"info","message":"Starting Application"}
{"level":"info","message":"Create user"}
{"level":"info","message":"Create user"}
{"level":"info","message":"Get all users"}
{"level":"info","message":"Get all users"}
{"level":"info","message":"Get user %s"}
{"level":"info","message":"Get user %s"}
{"level":"info","message":"Get user %s"}
{"level":"info","message":"Get user %s"}
{"level":"info","message":"Create Todo"}
{"level":"info","message":"Get all user todos5dc0c4734bfbf21b50b17594"}
{"level":"info","message":"Get todo %s5dc0c4744bfbf21b50b1759f"}
{"level":"info","message":"Loading Mongoose functionality"}
{"level":"info","message":"Starting Application"}
{"level":"info","message":"Create user"}
{"level":"info","message":"Create user"}
{"level":"info","message":"Get all users"}
{"level":"info","message":"Get all users"}
{"level":"info","message":"Get user %s"}
{"level":"info","message":"Get user %s"}
{"level":"info","message":"Get user %s"}
{"level":"info","message":"Get user %s"}
{"level":"info","message":"Create Todo"}
{"level":"info","message":"Get all user todos5dc0c51926e8062e48c50a11"}
{"level":"info","message":"Get todo %s5dc0c51a26e8062e48c50a1c"}
{"level":"info","message":"Loading Mongoose functionality"}
{"level":"info","message":"Starting Application"}
{"level":"info","message":"Create user"}
{"level":"info","message":"Create user"}
{"level":"info","message":"Get all users"}
{"level":"info","message":"Get all users"}
{"level":"info","message":"Get user %s"}
{"level":"info","message":"Get user %s"}
{"level":"info","message":"Get user %s"}
{"level":"info","message":"Get user %s"}
{"level":"info","message":"Create Todo"}
{"level":"info","message":"Get all user todos5dc0c59e0f932e09705a05ff"}
{"level":"info","message":"Get todo %s5dc0c59f0f932e09705a060a"}
{"level":"info","message":"Loading Mongoose functionality"}
{"level":"info","message":"Starting Application"}
{"level":"info","message":"Create user"}
{"level":"info","message":"Create user"}
{"level":"info","message":"Get all users"}
{"level":"info","message":"Get all users"}
{"level":"info","message":"Get user %s"}
{"level":"info","message":"Get user %s"}
{"level":"info","message":"Get user %s"}
{"level":"info","message":"Get user %s"}
{"level":"info","message":"Create Todo"}
{"level":"info","message":"Get all user todos5dc0c6050d91c60c30d4e797"}
{"level":"info","message":"Get todo %s5dc0c6060d91c60c30d4e7a2"}
{"level":"info","message":"Loading Mongoose functionality"}
{"level":"info","message":"Starting Application"}
{"level":"info","message":"Create user"}
{"level":"info","message":"Create user"}
{"level":"info","message":"Get all users"}
{"level":"info","message":"Get all users"}
{"level":"info","message":"Get user %s"}
{"level":"info","message":"Get user %s"}
{"level":"info","message":"Get user %s"}
{"level":"info","message":"Get user %s"}
{"level":"info","message":"Create Todo"}
{"level":"info","message":"Get all user todos5dc0c656df7f4a2ae89ecceb"}
{"level":"info","message":"Get todo %s5dc0c657df7f4a2ae89eccf6"}
{"level":"info","message":"Loading Mongoose functionality"}
{"level":"info","message":"Starting Application"}
{"level":"info","message":"Create user"}
{"level":"info","message":"Create user"}
{"level":"info","message":"Get all users"}
{"level":"info","message":"Get all users"}
{"level":"info","message":"Get user %s"}
{"level":"info","message":"Get user %s"}
{"level":"info","message":"Get user %s"}
{"level":"info","message":"Get user %s"}
{"level":"info","message":"Create Todo"}
{"level":"info","message":"Get all user todos5dc0c69da286fb1d90a7433d"}
{"level":"info","message":"Get todo %s5dc0c69fa286fb1d90a74348"}
{"level":"info","message":"Loading Mongoose functionality"}
{"level":"info","message":"Starting Application"}
{"level":"info","message":"Mongoose connected to the database"}
{"level":"info","message":"Create user"}
{"level":"info","message":"Create user"}
