{"level":"info","message":"Loading Mongoose functionality"}
{"level":"info","message":"Starting Application"}
{"level":"info","message":"Create user"}
{"level":"info","message":"Create user"}
{"level":"info","message":"Get all users"}
{"level":"info","message":"Get all users"}
{"level":"info","message":"Get user %s"}
{"level":"info","message":"Get user %s"}
{"level":"info","message":"Get user %s"}
{"level":"info","message":"Get user %s"}
{"level":"info","message":"Create Vendor"}
{"level":"info","message":"Get all user vendors5de30294350de925a4a43ead"}
{"level":"info","message":"Get vendor %s5de30295350de925a4a43eb8"}
{"level":"info","message":"Get vendor %s5de30295350de925a4a43eb9"}
{"level":"info","message":"Get vendor %s5de30295350de925a4a43eba"}
{"level":"info","message":"Loading Mongoose functionality"}
{"level":"info","message":"Starting Application"}
{"level":"info","message":"Mongoose connected to the database"}
{"level":"info","message":"Loading Mongoose functionality"}
{"level":"info","message":"Starting Application"}
{"level":"info","message":"Create user"}
{"level":"info","message":"Create user"}
{"level":"info","message":"Get all users"}
{"level":"info","message":"Get all users"}
{"level":"info","message":"Get user %s"}
{"level":"info","message":"Get user %s"}
{"level":"info","message":"Get user %s"}
{"level":"info","message":"Get user %s"}
{"level":"info","message":"Create Vendor"}
{"level":"info","message":"Get all user vendors5de304254c42062b8c020150"}
{"level":"info","message":"Get vendor %s5de304274c42062b8c02015b"}
{"level":"info","message":"Get vendor %s5de304274c42062b8c02015c"}
{"level":"info","message":"Get vendor %s5de304274c42062b8c02015d"}
{"level":"info","message":"Loading Mongoose functionality"}
{"level":"info","message":"Starting Application"}
{"level":"info","message":"Mongoose connected to the database"}
{"level":"info","message":"Get all users"}
{"level":"info","message":"Get all vendors"}
