{"level":"info","message":"Loading Mongoose functionality"}
{"level":"info","message":"Starting Application"}
{"level":"info","message":"Mongoose connected to the database"}
{"level":"info","message":"Loading Mongoose functionality"}
{"level":"info","message":"Starting Application"}
{"level":"info","message":"Mongoose connected to the database"}
{"level":"info","message":"Create user"}
{"level":"info","message":"Get all user vendors5deb3665f861803db438b173"}
{"level":"info","message":"Get vendor %s5dec12f00895fe11b405f785"}
{"level":"info","message":"Get all user vendors5deb3665f861803db438b173"}
{"level":"info","message":"Create Vendor"}
{"level":"info","message":"Get all user vendors5deb3665f861803db438b173"}
{"level":"info","message":"Create Vendor"}
{"level":"info","message":"Get all user vendors5deb3665f861803db438b173"}
{"level":"info","message":"Create Vendor"}
{"level":"info","message":"Get all user vendors5deb3665f861803db438b173"}
{"level":"info","message":"Create Vendor"}
{"level":"info","message":"Get all user vendors5deb3665f861803db438b173"}
{"level":"info","message":"Get vendor %s5df19d192c5f4b20cc4015b3"}
{"level":"info","message":"Get all user vendors5deb3665f861803db438b173"}
{"level":"info","message":"Get vendor %s5df19cf12c5f4b20cc4015b0"}
{"level":"info","message":"Get all user vendors5deb3665f861803db438b173"}
{"level":"info","message":"Get vendor %s5df19cf12c5f4b20cc4015b0"}
{"level":"info","message":"Get all user vendors5deb3665f861803db438b173"}
{"level":"info","message":"Get vendor %s5df19cff2c5f4b20cc4015b1"}
{"level":"info","message":"Get all user vendors5deb3665f861803db438b173"}
{"level":"info","message":"Get vendor %s5df19d0f2c5f4b20cc4015b2"}
{"level":"info","message":"Get all user vendors5deb3665f861803db438b173"}
{"level":"info","message":"Get vendor %s5df19d192c5f4b20cc4015b3"}
{"level":"info","message":"Get all user vendors5deb3665f861803db438b173"}
{"level":"info","message":"Get vendor %s5dec12f00895fe11b405f785"}
{"level":"info","message":"Get all user vendors5deb3665f861803db438b173"}
{"level":"info","message":"Get vendor %s5dec12f00895fe11b405f785"}
{"level":"info","message":"Get vendor %s5dec12f00895fe11b405f785"}
{"level":"info","message":"Get all user vendors5deb3665f861803db438b173"}
{"level":"info","message":"Get all user vendors5deb3665f861803db438b173"}
{"level":"info","message":"Get all user vendors5deb3665f861803db438b173"}
{"level":"info","message":"Create Vendor"}
{"level":"info","message":"Get all user vendors5deb3665f861803db438b173"}
{"level":"info","message":"Get vendor %s5df19d742c5f4b20cc4015b4"}
{"level":"info","message":"Get all user vendors5deb3665f861803db438b173"}
